10:47:16: Creating resource group General
10:47:16: Creating resource group Internal
10:47:16: Creating resource group Autodetect
10:47:16: SceneManagerFactory for type 'DefaultSceneManager' registered.
10:47:16: Registering ResourceManager for type Material
10:47:16: Registering ResourceManager for type Mesh
10:47:16: Registering ResourceManager for type Skeleton
10:47:16: MovableObjectFactory for type 'ParticleSystem' registered.
10:47:16: ArchiveFactory for archive type FileSystem registered.
10:47:16: ArchiveFactory for archive type Zip registered.
10:47:16: ArchiveFactory for archive type EmbeddedZip registered.
10:47:16: DDS codec registering
10:47:16: FreeImage version: 3.15.3
10:47:16: This program uses FreeImage, a free, open source image library supporting all common bitmap formats. See http://freeimage.sourceforge.net for details
10:47:16: Supported formats: bmp,ico,jpg,jif,jpeg,jpe,jng,koa,iff,lbm,mng,pbm,pbm,pcd,pcx,pgm,pgm,png,ppm,ppm,ras,tga,targa,tif,tiff,wap,wbmp,wbm,psd,cut,xbm,xpm,gif,hdr,g3,sgi,exr,j2k,j2c,jp2,pfm,pct,pict,pic,3fr,arw,bay,bmq,cap,cine,cr2,crw,cs1,dc2,dcr,drf,dsc,dng,erf,fff,ia,iiq,k25,kc2,kdc,mdc,mef,mos,mrw,nef,nrw,orf,pef,ptx,pxn,qtk,raf,raw,rdc,rw2,rwl,rwz,sr2,srf,srw,sti
10:47:16: Registering ResourceManager for type HighLevelGpuProgram
10:47:16: Registering ResourceManager for type Compositor
10:47:16: MovableObjectFactory for type 'Entity' registered.
10:47:16: MovableObjectFactory for type 'Light' registered.
10:47:16: MovableObjectFactory for type 'BillboardSet' registered.
10:47:16: MovableObjectFactory for type 'ManualObject' registered.
10:47:16: MovableObjectFactory for type 'BillboardChain' registered.
10:47:16: MovableObjectFactory for type 'RibbonTrail' registered.
10:47:16: Loading library .\RenderSystem_Direct3D9_d
10:47:16: Installing plugin: D3D9 RenderSystem
10:47:16: D3D9 : Direct3D9 Rendering Subsystem created.
10:47:16: D3D9: Driver Detection Starts
10:47:16: D3D9: Driver Detection Ends
10:47:16: Plugin successfully installed
10:47:16: Loading library .\RenderSystem_GL_d
10:47:16: Installing plugin: GL RenderSystem
10:47:16: OpenGL Rendering Subsystem created.
10:47:16: Plugin successfully installed
10:47:16: Loading library .\Plugin_PCZSceneManager_d
10:47:16: Installing plugin: Portal Connected Zone Scene Manager
10:47:16: PCZone Factory Type 'ZoneType_Default' registered
10:47:16: Plugin successfully installed
10:47:16: Loading library .\Plugin_OctreeZone_d
10:47:16: Installing plugin: Octree Zone Factory
10:47:16: Plugin successfully installed
10:47:16: Loading library .\Plugin_OctreeSceneManager_d
10:47:16: Installing plugin: Octree Scene Manager
10:47:16: Plugin successfully installed
10:47:16: Loading library .\Plugin_ParticleFX_d
10:47:16: Installing plugin: ParticleFX
10:47:16: Particle Emitter Type 'Point' registered
10:47:16: Particle Emitter Type 'Box' registered
10:47:16: Particle Emitter Type 'Ellipsoid' registered
10:47:16: Particle Emitter Type 'Cylinder' registered
10:47:16: Particle Emitter Type 'Ring' registered
10:47:16: Particle Emitter Type 'HollowEllipsoid' registered
10:47:16: Particle Affector Type 'LinearForce' registered
10:47:16: Particle Affector Type 'ColourFader' registered
10:47:16: Particle Affector Type 'ColourFader2' registered
10:47:16: Particle Affector Type 'ColourImage' registered
10:47:16: Particle Affector Type 'ColourInterpolator' registered
10:47:16: Particle Affector Type 'Scaler' registered
10:47:16: Particle Affector Type 'Rotator' registered
10:47:16: Particle Affector Type 'DirectionRandomiser' registered
10:47:16: Particle Affector Type 'DeflectorPlane' registered
10:47:16: Plugin successfully installed
10:47:16: *-*-* OGRE Initialising
10:47:16: *-*-* Version 1.9.0 (Ghadamon)
10:47:16: Added resource location '../tank/Content/' of type 'FileSystem' to resource group 'General'
10:47:16: Added resource location '../tank/Content//Models/' of type 'FileSystem' to resource group 'General'
10:47:16: Added resource location '../tank/Content//Materials/' of type 'FileSystem' to resource group 'General'
10:47:16: Added resource location '../tank/Content/Overlays/' of type 'FileSystem' to resource group 'General'
10:47:16: D3D9 : RenderSystem Option: Allow DirectX9Ex = No
10:47:16: D3D9 : RenderSystem Option: Allow NVPerfHUD = No
10:47:16: D3D9 : RenderSystem Option: FSAA = 0
10:47:16: D3D9 : RenderSystem Option: Fixed Pipeline Enabled = Yes
10:47:16: D3D9 : RenderSystem Option: Floating-point mode = Fastest
10:47:16: D3D9 : RenderSystem Option: Full Screen = No
10:47:16: D3D9 : RenderSystem Option: Multi device memory hint = Use minimum system memory
10:47:16: D3D9 : RenderSystem Option: Rendering Device = Monitor-1-Intel(R) HD Graphics 4600
10:47:16: D3D9 : RenderSystem Option: Resource Creation Policy = Create on all devices
10:47:16: D3D9 : RenderSystem Option: Use Multihead = Auto
10:47:16: D3D9 : RenderSystem Option: VSync = No
10:47:16: D3D9 : RenderSystem Option: VSync Interval = 1
10:47:16: D3D9 : RenderSystem Option: Video Mode = 800 x 600 @ 32-bit colour
10:47:16: D3D9 : RenderSystem Option: sRGB Gamma Conversion = No
10:47:21: CPU Identifier & Features
10:47:21: -------------------------
10:47:21:  *   CPU ID: GenuineIntel: Intel(R) Core(TM) i7-4720HQ CPU @ 2.60GHz
10:47:21:  *      SSE: yes
10:47:21:  *     SSE2: yes
10:47:21:  *     SSE3: yes
10:47:21:  *      MMX: yes
10:47:21:  *   MMXEXT: yes
10:47:21:  *    3DNOW: no
10:47:21:  * 3DNOWEXT: no
10:47:21:  *     CMOV: yes
10:47:21:  *      TSC: yes
10:47:21:  *      FPU: yes
10:47:21:  *      PRO: yes
10:47:21:  *       HT: no
10:47:21: -------------------------
10:47:21: D3D9 : Subsystem Initialising
10:47:21: Registering ResourceManager for type Texture
10:47:21: Registering ResourceManager for type GpuProgram
10:47:21: D3D9RenderSystem::_createRenderWindow "OGRE Render Window", 800x600 windowed  miscParams: FSAA=0 FSAAHint= colourDepth=32 gamma=false monitorIndex=0 useNVPerfHUD=false vsync=false vsyncInterval=1 
10:47:21: D3D9 : Created D3D9 Rendering Window 'OGRE Render Window' : 800x600, 32bpp
10:47:21: D3D9 : WARNING - disabling VSync in windowed mode can cause timing issues at lower frame rates, turn VSync on if you observe this problem.
10:47:21: D3D9: Vertex texture format supported - PF_L8
10:47:21: D3D9: Vertex texture format supported - PF_L16
10:47:21: D3D9: Vertex texture format supported - PF_A8
10:47:21: D3D9: Vertex texture format supported - PF_A4L4
10:47:21: D3D9: Vertex texture format supported - PF_BYTE_LA
10:47:21: D3D9: Vertex texture format supported - PF_R5G6B5
10:47:21: D3D9: Vertex texture format supported - PF_B5G6R5
10:47:21: D3D9: Vertex texture format supported - PF_A4R4G4B4
10:47:21: D3D9: Vertex texture format supported - PF_A1R5G5B5
10:47:21: D3D9: Vertex texture format supported - PF_A8R8G8B8
10:47:21: D3D9: Vertex texture format supported - PF_B8G8R8A8
10:47:21: D3D9: Vertex texture format supported - PF_A2R10G10B10
10:47:21: D3D9: Vertex texture format supported - PF_A2B10G10R10
10:47:21: D3D9: Vertex texture format supported - PF_DXT1
10:47:21: D3D9: Vertex texture format supported - PF_DXT2
10:47:21: D3D9: Vertex texture format supported - PF_DXT3
10:47:21: D3D9: Vertex texture format supported - PF_DXT4
10:47:21: D3D9: Vertex texture format supported - PF_DXT5
10:47:21: D3D9: Vertex texture format supported - PF_FLOAT16_RGB
10:47:21: D3D9: Vertex texture format supported - PF_FLOAT16_RGBA
10:47:21: D3D9: Vertex texture format supported - PF_FLOAT32_RGB
10:47:21: D3D9: Vertex texture format supported - PF_FLOAT32_RGBA
10:47:21: D3D9: Vertex texture format supported - PF_X8R8G8B8
10:47:21: D3D9: Vertex texture format supported - PF_R8G8B8A8
10:47:21: D3D9: Vertex texture format supported - PF_DEPTH
10:47:21: D3D9: Vertex texture format supported - PF_SHORT_RGBA
10:47:21: D3D9: Vertex texture format supported - PF_FLOAT16_R
10:47:21: D3D9: Vertex texture format supported - PF_FLOAT32_R
10:47:21: D3D9: Vertex texture format supported - PF_SHORT_GR
10:47:21: D3D9: Vertex texture format supported - PF_FLOAT16_GR
10:47:21: D3D9: Vertex texture format supported - PF_FLOAT32_GR
10:47:21: D3D9: Vertex texture format supported - PF_SHORT_RGB
10:47:21: D3D9: Vertex texture format supported - PF_PVRTC_RGB2
10:47:21: D3D9: Vertex texture format supported - PF_PVRTC_RGBA2
10:47:21: D3D9: Vertex texture format supported - PF_PVRTC_RGB4
10:47:21: D3D9: Vertex texture format supported - PF_PVRTC_RGBA4
10:47:21: D3D9: Vertex texture format supported - PF_PVRTC2_2BPP
10:47:21: D3D9: Vertex texture format supported - PF_PVRTC2_4BPP
10:47:21: D3D9: Vertex texture format supported - PF_R11G11B10_FLOAT
10:47:21: D3D9: Vertex texture format supported - PF_R8_UINT
10:47:21: D3D9: Vertex texture format supported - PF_R8G8_UINT
10:47:21: D3D9: Vertex texture format supported - PF_R8G8B8_UINT
10:47:21: D3D9: Vertex texture format supported - PF_R8G8B8A8_UINT
10:47:21: D3D9: Vertex texture format supported - PF_R16_UINT
10:47:21: D3D9: Vertex texture format supported - PF_R16G16_UINT
10:47:21: D3D9: Vertex texture format supported - PF_R16G16B16_UINT
10:47:21: D3D9: Vertex texture format supported - PF_R16G16B16A16_UINT
10:47:21: D3D9: Vertex texture format supported - PF_R32_UINT
10:47:21: D3D9: Vertex texture format supported - PF_R32G32_UINT
10:47:21: D3D9: Vertex texture format supported - PF_R32G32B32_UINT
10:47:21: D3D9: Vertex texture format supported - PF_R32G32B32A32_UINT
10:47:21: D3D9: Vertex texture format supported - PF_R8_SINT
10:47:21: D3D9: Vertex texture format supported - PF_R8G8_SINT
10:47:21: D3D9: Vertex texture format supported - PF_R8G8B8_SINT
10:47:21: D3D9: Vertex texture format supported - PF_R8G8B8A8_SINT
10:47:21: D3D9: Vertex texture format supported - PF_R16_SINT
10:47:21: D3D9: Vertex texture format supported - PF_R16G16_SINT
10:47:21: D3D9: Vertex texture format supported - PF_R16G16B16_SINT
10:47:21: D3D9: Vertex texture format supported - PF_R16G16B16A16_SINT
10:47:21: D3D9: Vertex texture format supported - PF_R32_SINT
10:47:21: D3D9: Vertex texture format supported - PF_R32G32_SINT
10:47:21: D3D9: Vertex texture format supported - PF_R32G32B32_SINT
10:47:21: D3D9: Vertex texture format supported - PF_R32G32B32A32_SINT
10:47:21: D3D9: Vertex texture format supported - PF_R9G9B9E5_SHAREDEXP
10:47:21: D3D9: Vertex texture format supported - PF_BC4_UNORM
10:47:21: D3D9: Vertex texture format supported - PF_BC4_SNORM
10:47:21: D3D9: Vertex texture format supported - PF_BC5_UNORM
10:47:21: D3D9: Vertex texture format supported - PF_BC5_SNORM
10:47:21: D3D9: Vertex texture format supported - PF_BC6H_UF16
10:47:21: D3D9: Vertex texture format supported - PF_BC6H_SF16
10:47:21: D3D9: Vertex texture format supported - PF_BC7_UNORM
10:47:21: D3D9: Vertex texture format supported - PF_BC7_UNORM_SRGB
10:47:21: D3D9: Vertex texture format supported - PF_R8
10:47:21: D3D9: Vertex texture format supported - PF_RG8
10:47:21: D3D9: Vertex texture format supported - PF_R8_SNORM
10:47:21: D3D9: Vertex texture format supported - PF_R8G8_SNORM
10:47:21: D3D9: Vertex texture format supported - PF_R8G8B8_SNORM
10:47:21: D3D9: Vertex texture format supported - PF_R8G8B8A8_SNORM
10:47:21: D3D9: Vertex texture format supported - PF_R16_SNORM
10:47:21: D3D9: Vertex texture format supported - PF_R16G16_SNORM
10:47:21: D3D9: Vertex texture format supported - PF_R16G16B16_SNORM
10:47:21: D3D9: Vertex texture format supported - PF_R16G16B16A16_SNORM
10:47:21: D3D9: Vertex texture format supported - PF_ETC1_RGB8
10:47:21: D3D9: Vertex texture format supported - PF_ETC2_RGB8
10:47:21: D3D9: Vertex texture format supported - PF_ETC2_RGBA8
10:47:21: D3D9: Vertex texture format supported - PF_ETC2_RGB8A1
10:47:21: D3D9: Vertex texture format supported - PF_ATC_RGB
10:47:21: D3D9: Vertex texture format supported - PF_ATC_RGBA_EXPLICIT_ALPHA
10:47:21: D3D9: Vertex texture format supported - PF_ATC_RGBA_INTERPOLATED_ALPHA
10:47:21: RenderSystem capabilities
10:47:21: -------------------------
10:47:21: RenderSystem Name: Direct3D9 Rendering Subsystem
10:47:21: GPU Vendor: intel
10:47:21: Device Name: Monitor-1-Intel(R) HD Graphics 4600
10:47:21: Driver Version: 10.18.15.4248
10:47:21:  * Fixed function pipeline: yes
10:47:21:  * Hardware generation of mipmaps: yes
10:47:21:  * Texture blending: yes
10:47:21:  * Anisotropic texture filtering: yes
10:47:21:  * Dot product texture operation: yes
10:47:21:  * Cube mapping: yes
10:47:21:  * Hardware stencil buffer: yes
10:47:21:    - Stencil depth: 8
10:47:21:    - Two sided stencil support: yes
10:47:21:    - Wrap stencil values: yes
10:47:21:  * Hardware vertex / index buffers: yes
10:47:21:  * Vertex programs: yes
10:47:21:  * Number of floating-point constants for vertex programs: 256
10:47:21:  * Number of integer constants for vertex programs: 16
10:47:21:  * Number of boolean constants for vertex programs: 16
10:47:21:  * Fragment programs: yes
10:47:21:  * Number of floating-point constants for fragment programs: 224
10:47:21:  * Number of integer constants for fragment programs: 16
10:47:21:  * Number of boolean constants for fragment programs: 16
10:47:21:  * Geometry programs: no
10:47:21:  * Number of floating-point constants for geometry programs: 52428
10:47:21:  * Number of integer constants for geometry programs: 52428
10:47:21:  * Number of boolean constants for geometry programs: 52428
10:47:21:  * Tesselation Hull programs: no
10:47:21:  * Number of floating-point constants for tesselation hull programs: 0
10:47:21:  * Number of integer constants for tesselation hull programs: 0
10:47:21:  * Number of boolean constants for tesselation hull programs: 0
10:47:21:  * Tesselation Domain programs: no
10:47:21:  * Number of floating-point constants for tesselation domain programs: 52224
10:47:21:  * Number of integer constants for tesselation domain programs: 52428
10:47:21:  * Number of boolean constants for tesselation domain programs: 52428
10:47:21:  * Compute programs: no
10:47:21:  * Number of floating-point constants for compute programs: 52428
10:47:21:  * Number of integer constants for compute programs: 52428
10:47:21:  * Number of boolean constants for compute programs: 52428
10:47:21:  * Supported Shader Profiles: hlsl ps_1_1 ps_1_2 ps_1_3 ps_1_4 ps_2_0 ps_2_a ps_2_b ps_2_x ps_3_0 vs_1_1 vs_2_0 vs_2_a vs_2_x vs_3_0
10:47:21:  * Texture Compression: yes
10:47:21:    - DXT: yes
10:47:21:    - VTC: no
10:47:21:    - PVRTC: no
10:47:21:    - ATC: no
10:47:21:    - ETC1: no
10:47:21:    - ETC2: no
10:47:21:    - BC4/BC5: no
10:47:21:    - BC6H/BC7: no
10:47:21:  * Scissor Rectangle: yes
10:47:21:  * Hardware Occlusion Query: yes
10:47:21:  * User clip planes: yes
10:47:21:  * VET_UBYTE4 vertex element type: yes
10:47:21:  * Infinite far plane projection: yes
10:47:21:  * Hardware render-to-texture: yes
10:47:21:  * Floating point textures: yes
10:47:21:  * Non-power-of-two textures: yes
10:47:21:  * 1d textures: yes
10:47:21:  * Volume textures: yes
10:47:21:  * Multiple Render Targets: 4
10:47:21:    - With different bit depths: yes
10:47:21:  * Point Sprites: yes
10:47:21:  * Extended point parameters: yes
10:47:21:  * Max Point Size: 256
10:47:21:  * Vertex texture fetch: yes
10:47:21:  * Number of world matrices: 0
10:47:21:  * Number of texture units: 8
10:47:21:  * Stencil buffer depth: 8
10:47:21:  * Number of vertex blend matrices: 0
10:47:21:    - Max vertex textures: 4
10:47:21:    - Vertex textures shared: no
10:47:21:  * Render to Vertex Buffer : no
10:47:21:  * Hardware Atomic Counters: no
10:47:21:  * DirectX per stage constants: yes
10:47:21: ***************************************
10:47:21: *** D3D9 : Subsystem Initialised OK ***
10:47:21: ***************************************
10:47:21: DefaultWorkQueue('Root') initialising on thread b9c.
10:47:21: DefaultWorkQueue('Root')::WorkerFunc - thread 4dcc starting.
10:47:21: DefaultWorkQueue('Root')::WorkerFunc - thread 11d0 starting.
10:47:21: DefaultWorkQueue('Root')::WorkerFunc - thread 55d4 starting.
10:47:21: DefaultWorkQueue('Root')::WorkerFunc - thread 224c starting.
10:47:21: DefaultWorkQueue('Root')::WorkerFunc - thread 34fc starting.
10:47:21: DefaultWorkQueue('Root')::WorkerFunc - thread 14d8 starting.
10:47:21: DefaultWorkQueue('Root')::WorkerFunc - thread 6bc starting.
10:47:21: DefaultWorkQueue('Root')::WorkerFunc - thread 2f34 starting.
10:47:21: Particle Renderer Type 'billboard' registered
10:47:21: SceneManagerFactory for type 'PCZSceneManager' registered.
10:47:21: MovableObjectFactory for type 'PCZLight' registered.
10:47:21: MovableObjectFactory for type 'Portal' registered.
10:47:21: MovableObjectFactory for type 'AntiPortal' registered.
10:47:21: PCZone Factory Type 'ZoneType_Octree' registered
10:47:21: SceneManagerFactory for type 'OctreeSceneManager' registered.
10:47:21: OverlayElementFactory for type Panel registered.
10:47:21: OverlayElementFactory for type BorderPanel registered.
10:47:21: OverlayElementFactory for type TextArea registered.
10:47:21: Registering ResourceManager for type Font
10:47:21: Parsing scripts for resource group Autodetect
10:47:21: Finished parsing scripts for resource group Autodetect
10:47:21: Creating resources for group Autodetect
10:47:21: All done
10:47:21: Parsing scripts for resource group General
10:47:21: Parsing script BarrelMaterial.material
10:47:21: Parsing script ChestMaterial.material
10:47:21: Parsing script Examples.material
10:47:21: Compiler error: reference to a non existing object in Examples.material(263)
10:47:21: Compiler error: reference to a non existing object in Examples.material(783)
10:47:21: Compiler error: reference to a non existing object in Examples.material(795)
10:47:21: Compiler error: reference to a non existing object in Examples.material(1587)
10:47:21: Compiler error: reference to a non existing object in Examples.material(1590)
10:47:21: Compiler error: reference to a non existing object in Examples.material(1781)
10:47:21: Compiler error: reference to a non existing object in Examples.material(1785)
10:47:21: Compiler error: reference to a non existing object in Examples.material(1806)
10:47:21: Compiler error: reference to a non existing object in Examples.material(1810)
10:47:21: Compiler error: reference to a non existing object in Examples.material(1832)
10:47:21: Compiler error: reference to a non existing object in Examples.material(1836)
10:47:21: Compiler error: reference to a non existing object in Examples.material(1857)
10:47:21: Compiler error: reference to a non existing object in Examples.material(1861)
10:47:21: Compiler error: reference to a non existing object in Examples.material(1956)
10:47:21: Compiler error: reference to a non existing object in Examples.material(1961)
10:47:21: Compiler error: reference to a non existing object in Examples.material(1967)
10:47:21: Compiler error: reference to a non existing object in Examples.material(2194)
10:47:21: Compiler error: reference to a non existing object in Examples.material(2208)
10:47:21: Parsing script explosion.material
10:47:21: Parsing script MineMaterial.material
10:47:21: Parsing script MiniMapAIEntity.material
10:47:21: Parsing script MiniMapPlayerEntity.material
10:47:21: Parsing script MissleMaterial.material
10:47:21: Parsing script RepairMaterial.material
10:47:21: Parsing script ShellMaterial.material
10:47:21: Parsing script smoke.material
10:47:21: Parsing script SolidColor.material
10:47:21: Parsing script TankBodyMaterial.material
10:47:21: Parsing script TankGunMaterial.material
10:47:21: Parsing script TankTurretMaterial.material
10:47:21: Parsing script Examples.particle
10:47:21: Parsing script explosion.particle
10:47:21: Parsing script explosionWhenAttacked.particle
10:47:21: Parsing script smoke.particle
10:47:21: Parsing script bluehigh.fontdef
10:47:21: Parsing script Example.overlay
10:47:21: Finished parsing scripts for resource group General
10:47:21: Creating resources for group General
10:47:21: All done
10:47:21: Parsing scripts for resource group Internal
10:47:21: Finished parsing scripts for resource group Internal
10:47:21: Creating resources for group Internal
10:47:21: All done
10:47:21: Mesh: Loading TankBody.mesh.
10:47:21: WARNING: TankBody.mesh is an older format ([MeshSerializer_v1.41]); you should upgrade it as soon as possible using the OgreMeshUpgrade tool.
10:47:21: Texture: TankBodyTexturedUV.png: Loading 1 faces(PF_A8R8G8B8,1024x640x1) with 5 generated mipmaps from Image. Internal format is PF_A8R8G8B8,1024x640x1.
10:47:21: Mesh: Loading TankTurret.mesh.
10:47:21: WARNING: TankTurret.mesh is an older format ([MeshSerializer_v1.41]); you should upgrade it as soon as possible using the OgreMeshUpgrade tool.
10:47:21: Texture: camouflaged-.jpg: Loading 1 faces(PF_R8G8B8,1024x640x1) with 5 generated mipmaps from Image. Internal format is PF_X8R8G8B8,1024x640x1.
10:47:21: Mesh: Loading TankGun.mesh.
10:47:21: WARNING: TankGun.mesh is an older format ([MeshSerializer_v1.41]); you should upgrade it as soon as possible using the OgreMeshUpgrade tool.
10:47:22: Texture: iron_texture1050.jpg: Loading 1 faces(PF_R8G8B8,2560x1600x1) with 5 generated mipmaps from Image. Internal format is PF_X8R8G8B8,2560x1600x1.
10:47:22: Mesh: Loading MiniMapPlayerEntity.mesh.
10:47:22: Texture: grass_1024.jpg: Loading 1 faces(PF_R8G8B8,1024x1024x1) Internal format is PF_X8R8G8B8,1024x1024x1.
10:47:22: Mesh: Loading tudorhouse.mesh.
10:47:22: Texture: fw12b.jpg: Loading 1 faces(PF_R8G8B8,1024x1024x1) Internal format is PF_X8R8G8B8,1024x1024x1.
10:47:22: Font BlueHighwayBig using texture size 1024x1024
10:47:22: Info: Freetype returned null for character 127 in font BlueHighwayBig
10:47:22: Info: Freetype returned null for character 128 in font BlueHighwayBig
10:47:22: Info: Freetype returned null for character 129 in font BlueHighwayBig
10:47:22: Info: Freetype returned null for character 130 in font BlueHighwayBig
10:47:22: Info: Freetype returned null for character 131 in font BlueHighwayBig
10:47:22: Info: Freetype returned null for character 132 in font BlueHighwayBig
10:47:22: Info: Freetype returned null for character 133 in font BlueHighwayBig
10:47:22: Info: Freetype returned null for character 134 in font BlueHighwayBig
10:47:22: Info: Freetype returned null for character 135 in font BlueHighwayBig
10:47:22: Info: Freetype returned null for character 136 in font BlueHighwayBig
10:47:22: Info: Freetype returned null for character 137 in font BlueHighwayBig
10:47:22: Info: Freetype returned null for character 138 in font BlueHighwayBig
10:47:22: Info: Freetype returned null for character 139 in font BlueHighwayBig
10:47:22: Info: Freetype returned null for character 140 in font BlueHighwayBig
10:47:22: Info: Freetype returned null for character 141 in font BlueHighwayBig
10:47:22: Info: Freetype returned null for character 142 in font BlueHighwayBig
10:47:22: Info: Freetype returned null for character 143 in font BlueHighwayBig
10:47:22: Info: Freetype returned null for character 144 in font BlueHighwayBig
10:47:22: Info: Freetype returned null for character 145 in font BlueHighwayBig
10:47:22: Info: Freetype returned null for character 146 in font BlueHighwayBig
10:47:22: Info: Freetype returned null for character 147 in font BlueHighwayBig
10:47:22: Info: Freetype returned null for character 148 in font BlueHighwayBig
10:47:22: Info: Freetype returned null for character 149 in font BlueHighwayBig
10:47:22: Info: Freetype returned null for character 150 in font BlueHighwayBig
10:47:22: Info: Freetype returned null for character 151 in font BlueHighwayBig
10:47:22: Info: Freetype returned null for character 152 in font BlueHighwayBig
10:47:22: Info: Freetype returned null for character 153 in font BlueHighwayBig
10:47:22: Info: Freetype returned null for character 154 in font BlueHighwayBig
10:47:22: Info: Freetype returned null for character 155 in font BlueHighwayBig
10:47:22: Info: Freetype returned null for character 156 in font BlueHighwayBig
10:47:22: Info: Freetype returned null for character 157 in font BlueHighwayBig
10:47:22: Info: Freetype returned null for character 158 in font BlueHighwayBig
10:47:22: Info: Freetype returned null for character 159 in font BlueHighwayBig
10:47:22: Info: Freetype returned null for character 160 in font BlueHighwayBig
10:47:22: Texture: BlueHighwayBigTexture: Loading 1 faces(PF_BYTE_LA,1024x1024x1) with 0 generated mipmaps from Image. Internal format is PF_BYTE_LA,1024x1024x1.
10:47:22: Font BlueHighway8 using texture size 256x128
10:47:22: Info: Freetype returned null for character 96 in font BlueHighway8
10:47:22: Info: Freetype returned null for character 127 in font BlueHighway8
10:47:22: Info: Freetype returned null for character 128 in font BlueHighway8
10:47:22: Info: Freetype returned null for character 129 in font BlueHighway8
10:47:22: Info: Freetype returned null for character 130 in font BlueHighway8
10:47:22: Info: Freetype returned null for character 131 in font BlueHighway8
10:47:22: Info: Freetype returned null for character 132 in font BlueHighway8
10:47:22: Info: Freetype returned null for character 133 in font BlueHighway8
10:47:22: Info: Freetype returned null for character 134 in font BlueHighway8
10:47:22: Info: Freetype returned null for character 135 in font BlueHighway8
10:47:22: Info: Freetype returned null for character 136 in font BlueHighway8
10:47:22: Info: Freetype returned null for character 137 in font BlueHighway8
10:47:22: Info: Freetype returned null for character 138 in font BlueHighway8
10:47:22: Info: Freetype returned null for character 139 in font BlueHighway8
10:47:22: Info: Freetype returned null for character 140 in font BlueHighway8
10:47:22: Info: Freetype returned null for character 141 in font BlueHighway8
10:47:22: Info: Freetype returned null for character 142 in font BlueHighway8
10:47:22: Info: Freetype returned null for character 143 in font BlueHighway8
10:47:22: Info: Freetype returned null for character 144 in font BlueHighway8
10:47:22: Info: Freetype returned null for character 145 in font BlueHighway8
10:47:22: Info: Freetype returned null for character 146 in font BlueHighway8
10:47:22: Info: Freetype returned null for character 147 in font BlueHighway8
10:47:22: Info: Freetype returned null for character 148 in font BlueHighway8
10:47:22: Info: Freetype returned null for character 149 in font BlueHighway8
10:47:22: Info: Freetype returned null for character 150 in font BlueHighway8
10:47:22: Info: Freetype returned null for character 151 in font BlueHighway8
10:47:22: Info: Freetype returned null for character 152 in font BlueHighway8
10:47:22: Info: Freetype returned null for character 153 in font BlueHighway8
10:47:22: Info: Freetype returned null for character 154 in font BlueHighway8
10:47:22: Info: Freetype returned null for character 155 in font BlueHighway8
10:47:22: Info: Freetype returned null for character 156 in font BlueHighway8
10:47:22: Info: Freetype returned null for character 157 in font BlueHighway8
10:47:22: Info: Freetype returned null for character 158 in font BlueHighway8
10:47:22: Info: Freetype returned null for character 159 in font BlueHighway8
10:47:22: Info: Freetype returned null for character 160 in font BlueHighway8
10:47:22: Texture: BlueHighway8Texture: Loading 1 faces(PF_BYTE_LA,256x128x1) with 0 generated mipmaps from Image. Internal format is PF_BYTE_LA,256x128x1.
10:47:22: Texture: clouds.jpg: Loading 1 faces(PF_R8G8B8,256x256x1) Internal format is PF_X8R8G8B8,256x256x1.
10:47:22: Mesh: Loading MiniMapAIEntity.mesh.
10:47:24: Mesh: Loading Shell.mesh.
10:47:24: WARNING: Shell.mesh is an older format ([MeshSerializer_v1.41]); you should upgrade it as soon as possible using the OgreMeshUpgrade tool.
10:47:24: Texture: ShellTexturedUV.png: Loading 1 faces(PF_A8R8G8B8,1024x1024x1) Internal format is PF_A8R8G8B8,1024x1024x1.
10:47:24: Texture: flare.png: Loading 1 faces(PF_R8G8B8,256x256x1) Internal format is PF_X8R8G8B8,256x256x1.
10:47:24: D3D9 : Loading 3D Texture, image name : 'explode.dds' with 5 mip map levels
10:47:28: Texture: smoke.png: Loading 1 faces(PF_A8R8G8B8,256x256x1) Internal format is PF_A8R8G8B8,256x256x1.
10:47:32: Mesh: Loading Missle.mesh.
10:47:32: WARNING: Missle.mesh is an older format ([MeshSerializer_v1.41]); you should upgrade it as soon as possible using the OgreMeshUpgrade tool.
10:47:33: Texture: MissleTexturedUV.png: Loading 1 faces(PF_A8R8G8B8,1024x1024x1) Internal format is PF_A8R8G8B8,1024x1024x1.
10:47:33: Mesh: Loading Repair.mesh.
10:47:33: WARNING: Repair.mesh is an older format ([MeshSerializer_v1.41]); you should upgrade it as soon as possible using the OgreMeshUpgrade tool.
10:47:33: Texture: RepairTexturedUV.png: Loading 1 faces(PF_A8R8G8B8,1024x1024x1) Internal format is PF_A8R8G8B8,1024x1024x1.
10:48:31: Mesh: Loading Mine.mesh.
10:48:31: WARNING: Mine.mesh is an older format ([MeshSerializer_v1.41]); you should upgrade it as soon as possible using the OgreMeshUpgrade tool.
10:48:32: Texture: MineTexturedUV.png: Loading 1 faces(PF_A8R8G8B8,1024x1024x1) Internal format is PF_A8R8G8B8,1024x1024x1.
10:49:13: DefaultWorkQueue('Root') shutting down on thread b9c.
10:49:13: DefaultWorkQueue('Root')::WorkerFunc - thread 4dcc stopped.
10:49:13: DefaultWorkQueue('Root')::WorkerFunc - thread 224c stopped.
10:49:13: DefaultWorkQueue('Root')::WorkerFunc - thread 14d8 stopped.
10:49:13: DefaultWorkQueue('Root')::WorkerFunc - thread 11d0 stopped.
10:49:13: DefaultWorkQueue('Root')::WorkerFunc - thread 34fc stopped.
10:49:13: DefaultWorkQueue('Root')::WorkerFunc - thread 2f34 stopped.
10:49:13: DefaultWorkQueue('Root')::WorkerFunc - thread 55d4 stopped.
10:49:13: DefaultWorkQueue('Root')::WorkerFunc - thread 6bc stopped.
10:49:13: PCZone Factory Type 'ZoneType_Octree' unregistered
10:49:13: *-*-* OGRE Shutdown
10:49:13: Unregistering ResourceManager for type Compositor
10:49:13: Unregistering ResourceManager for type Skeleton
10:49:13: Unregistering ResourceManager for type Mesh
10:49:13: Unregistering ResourceManager for type HighLevelGpuProgram
10:49:13: Uninstalling plugin: ParticleFX
10:49:13: Plugin successfully uninstalled
10:49:13: Unloading library .\Plugin_ParticleFX_d
10:49:13: Uninstalling plugin: Octree Scene Manager
10:49:13: Plugin successfully uninstalled
10:49:13: Unloading library .\Plugin_OctreeSceneManager_d
10:49:13: Uninstalling plugin: Octree Zone Factory
10:49:13: Plugin successfully uninstalled
10:49:13: Unloading library .\Plugin_OctreeZone_d
10:49:13: Uninstalling plugin: Portal Connected Zone Scene Manager
10:49:13: Plugin successfully uninstalled
10:49:13: Unloading library .\Plugin_PCZSceneManager_d
10:49:13: Uninstalling plugin: GL RenderSystem
10:49:13: *** Stopping Win32GL Subsystem ***
10:49:13: Plugin successfully uninstalled
10:49:13: Unloading library .\RenderSystem_GL_d
10:49:13: Uninstalling plugin: D3D9 RenderSystem
10:49:13: D3D9 device: 0x[05AC4B60] destroy. Releasing D3D9 texture: BlueHighwayBigTexture
10:49:13: Released D3D9 texture: BlueHighwayBigTexture
10:49:13: D3D9 : Shutting down cleanly.
10:49:13: Unregistering ResourceManager for type Texture
10:49:13: Unregistering ResourceManager for type GpuProgram
10:49:13: D3D9 : Direct3D9 Rendering Subsystem destroyed.
10:49:13: Plugin successfully uninstalled
10:49:13: Unloading library .\RenderSystem_Direct3D9_d
10:49:13: Unregistering ResourceManager for type Material
